0 info it worked if it ends with ok
1 verbose cli [ '/Users/yingLin/.nvm/versions/node/v0.12.14/bin/node',
1 verbose cli   '/Users/yingLin/.nvm/versions/node/v0.12.14/bin/npm',
1 verbose cli   'run',
1 verbose cli   'dev' ]
2 info using npm@2.15.1
3 info using node@v0.12.14
4 verbose run-script [ 'predev', 'dev', 'postdev' ]
5 info predev mainapp@0.0.0
6 info dev mainapp@0.0.0
7 verbose unsafe-perm in lifecycle true
8 info mainapp@0.0.0 Failed to exec dev script
9 verbose stack Error: mainapp@0.0.0 dev: `nodemon ./bin/www`
9 verbose stack Exit status 1
9 verbose stack     at EventEmitter.<anonymous> (/Users/yingLin/.nvm/versions/node/v0.12.14/lib/node_modules/npm/lib/utils/lifecycle.js:217:16)
9 verbose stack     at EventEmitter.emit (events.js:110:17)
9 verbose stack     at ChildProcess.<anonymous> (/Users/yingLin/.nvm/versions/node/v0.12.14/lib/node_modules/npm/lib/utils/spawn.js:24:14)
9 verbose stack     at ChildProcess.emit (events.js:110:17)
9 verbose stack     at maybeClose (child_process.js:1019:16)
9 verbose stack     at Process.ChildProcess._handle.onexit (child_process.js:1091:5)
10 verbose pkgid mainapp@0.0.0
11 verbose cwd /Users/yingLin/Documents/My/gck/mainApp
12 error Darwin 18.2.0
13 error argv "/Users/yingLin/.nvm/versions/node/v0.12.14/bin/node" "/Users/yingLin/.nvm/versions/node/v0.12.14/bin/npm" "run" "dev"
14 error node v0.12.14
15 error npm  v2.15.1
16 error code ELIFECYCLE
17 error mainapp@0.0.0 dev: `nodemon ./bin/www`
17 error Exit status 1
18 error Failed at the mainapp@0.0.0 dev script 'nodemon ./bin/www'.
18 error This is most likely a problem with the mainapp package,
18 error not with npm itself.
18 error Tell the author that this fails on your system:
18 error     nodemon ./bin/www
18 error You can get information on how to open an issue for this project with:
18 error     npm bugs mainapp
18 error Or if that isn't available, you can get their info via:
18 error
18 error     npm owner ls mainapp
18 error There is likely additional logging output above.
19 verbose exit [ 1, true ]
